#
# A fatal error has been detected by the Java Runtime Environment:
#
#  EXCEPTION_ACCESS_VIOLATION (0xc0000005) at pc=0x000001d30002c00f, pid=9088, tid=13368
#
# JRE version: OpenJDK Runtime Environment (11.0+28) (build 11+28)
# Java VM: OpenJDK 64-Bit Server VM (11+28, mixed mode, tiered, compressed oops, g1 gc, windows-amd64)
# Problematic frame:
# j  jdplus.tramo.TramoKernel.lastSolution(Ljdplus/regsarima/regular/RegSarimaModelling;)V+53
#
# No core dump will be written. Minidumps are not enabled by default on client versions of Windows
#
# If you would like to submit a bug report, please visit:
#   http://bugreport.java.com/bugreport/crash.jsp
#

---------------  S U M M A R Y ------------

Command Line: -agentlib:jdwp=transport=dt_socket,server=n,address=56467 demetra.tramoseats.io.information.TramoSeatsSpecMappingTest

Host: Intel(R) Core(TM) i5-6200U CPU @ 2.30GHz, 4 cores, 7G,  Windows 10 , 64 bit Build 19041 (10.0.19041.928)
Time: Thu Jun 17 12:29:05 2021 Romance Daylight Time elapsed time: 227 seconds (0d 0h 3m 47s)

---------------  T H R E A D  ---------------

Current thread (0x000001d36f9bc000):  JavaThread "main" [_thread_in_Java, id=13368, stack(0x0000006f1aa00000,0x0000006f1ab00000)]

Stack: [0x0000006f1aa00000,0x0000006f1ab00000],  sp=0x0000006f1aafe8b0,  free space=1018k
Native frames: (J=compiled Java code, j=interpreted, Vv=VM code, C=native code)
C  0x000001d30002c00f


siginfo: EXCEPTION_ACCESS_VIOLATION (0xc0000005), reading address 0x000001d310ebfd50


Register to memory mapping:

RIP=0x000001d30002c00f is at code_begin+79 in an Interpreter codelet
invokevirtual  182 invokevirtual  [0x000001d30002bfc0, 0x000001d30002c580]  1472 bytes
RAX=0x0 is NULL
RBX=0x00000000000000b6 is an unknown value
RCX=0x000001d310d2a8d0 is pointing into metadata
RDX=0x0000000000032a8c is an unknown value
RSP=0x0000006f1aafe8b0 is pointing into the stack for thread: 0x000001d36f9bc000
RBP=0x0000006f1aafe908 is pointing into the stack for thread: 0x000001d36f9bc000
RSI=0x0 is NULL
RDI=0x00000001000899c0 is pointing into metadata
R8 =0x0000000000000008 is an unknown value
R9 =0x000001d36f9b0fe0 points into unknown readable memory
R10=0x00007ff89f5f1d60 jvm.dll::TemplateInterpreter::_normal_table + 0x4800
R11=0x0000006f1aafe870 is pointing into the stack for thread: 0x000001d36f9bc000
R12=0x0 is NULL
R13=0x000001d310d26855 is pointing into metadata
R14=0x0000006f1aafe930 is pointing into the stack for thread: 0x000001d36f9bc000
R15=0x000001d36f9bc000 is a thread


Registers:
RAX=0x0000000000000000, RBX=0x00000000000000b6, RCX=0x000001d310d2a8d0, RDX=0x0000000000032a8c
RSP=0x0000006f1aafe8b0, RBP=0x0000006f1aafe908, RSI=0x0000000000000000, RDI=0x00000001000899c0
R8 =0x0000000000000008, R9 =0x000001d36f9b0fe0, R10=0x00007ff89f5f1d60, R11=0x0000006f1aafe870
R12=0x0000000000000000, R13=0x000001d310d26855, R14=0x0000006f1aafe930, R15=0x000001d36f9bc000
RIP=0x000001d30002c00f, EFLAGS=0x0000000000010202

Top of Stack: (sp=0x0000006f1aafe8b0)
0x0000006f1aafe8b0:   0000000085564ac8 0000000089bdaf30
0x0000006f1aafe8c0:   0000006f1aafe8c0 000001d310d26855
0x0000006f1aafe8d0:   0000006f1aafe930 000001d310d2a8d0
0x0000006f1aafe8e0:   0000000000000000 0000000085683e00
0x0000006f1aafe8f0:   000001d310d268b8 0000000000000000
0x0000006f1aafe900:   0000006f1aafe928 0000006f1aafe980
0x0000006f1aafe910:   000001d30000c948 0000000088a66a20
0x0000006f1aafe920:   0000000089bdaf30 0000000089bdd510
0x0000006f1aafe930:   0000000089bd9c10 0000006f1aafe938
0x0000006f1aafe940:   000001d310d2661c 0000006f1aafea30
0x0000006f1aafe950:   000001d310d2a8d0 0000000000000000
0x0000006f1aafe960:   0000000085683e00 000001d310d26710
0x0000006f1aafe970:   0000006f1aafe928 0000006f1aafea20
0x0000006f1aafe980:   0000006f1aafea80 000001d30000af2d
0x0000006f1aafe990:   0000000000000003 0000000000000003
0x0000006f1aafe9a0:   3fad561b6dd79b80 0000000000000000 

Instructions: (pc=0x000001d30002c00f)
0x000001d30002bfef:   00 00 00 00 00 4c 89 54 24 08 e9 01 00 00 00 50
0x000001d30002bfff:   4c 89 6d c0 41 0f b7 55 01 48 8b 4d d0 c1 e2 02
0x000001d30002c00f:   8b 5c d1 20 c1 eb 18 81 e3 ff 00 00 00 81 fb b6
0x000001d30002c01f:   00 00 00 0f 84 87 01 00 00 bb b6 00 00 00 e8 05 


invokevirtual  182 invokevirtual  [0x000001d30002bfc0, 0x000001d30002c580]  1472 bytes

---------------  P R O C E S S  ---------------

Threads class SMR info:
_java_thread_list=0x000001d30f5e9a50, length=13, elements={
0x000001d36f9bc000, 0x000001d37ef47000, 0x000001d37ef48000, 0x000001d37f8c3000,
0x000001d37ef53000, 0x000001d37ef56800, 0x000001d37ef5c800, 0x000001d37ef62000,
0x000001d37fa33800, 0x000001d37fa36800, 0x000001d37fa38800, 0x000001d37fa4a800,
0x000001d37fa51000
}

Java Threads: ( => current thread )
=>0x000001d36f9bc000 JavaThread "main" [_thread_in_Java, id=13368, stack(0x0000006f1aa00000,0x0000006f1ab00000)]
  0x000001d37ef47000 JavaThread "Reference Handler" daemon [_thread_blocked, id=2556, stack(0x0000006f1b100000,0x0000006f1b200000)]
  0x000001d37ef48000 JavaThread "Finalizer" daemon [_thread_blocked, id=1292, stack(0x0000006f1b200000,0x0000006f1b300000)]
  0x000001d37f8c3000 JavaThread "Signal Dispatcher" daemon [_thread_blocked, id=2444, stack(0x0000006f1b300000,0x0000006f1b400000)]
  0x000001d37ef53000 JavaThread "Attach Listener" daemon [_thread_blocked, id=3096, stack(0x0000006f1b400000,0x0000006f1b500000)]
  0x000001d37ef56800 JavaThread "C2 CompilerThread0" daemon [_thread_blocked, id=9804, stack(0x0000006f1b500000,0x0000006f1b600000)]
  0x000001d37ef5c800 JavaThread "C1 CompilerThread0" daemon [_thread_blocked, id=15080, stack(0x0000006f1b600000,0x0000006f1b700000)]
  0x000001d37ef62000 JavaThread "Sweeper thread" daemon [_thread_blocked, id=4800, stack(0x0000006f1b700000,0x0000006f1b800000)]
  0x000001d37fa33800 JavaThread "JDWP Transport Listener: dt_socket" daemon [_thread_blocked, id=12064, stack(0x0000006f1b800000,0x0000006f1b900000)]
  0x000001d37fa36800 JavaThread "JDWP Event Helper Thread" daemon [_thread_blocked, id=14240, stack(0x0000006f1b900000,0x0000006f1ba00000)]
  0x000001d37fa38800 JavaThread "JDWP Command Reader" daemon [_thread_in_native, id=10816, stack(0x0000006f1ba00000,0x0000006f1bb00000)]
  0x000001d37fa4a800 JavaThread "Service Thread" daemon [_thread_blocked, id=7120, stack(0x0000006f1bb00000,0x0000006f1bc00000)]
  0x000001d37fa51000 JavaThread "Common-Cleaner" daemon [_thread_blocked, id=15364, stack(0x0000006f1bd00000,0x0000006f1be00000)]

Other Threads:
  0x000001d37ef0e000 VMThread "VM Thread" [stack: 0x0000006f1b000000,0x0000006f1b100000] [id=13984]
  0x000001d37fa4c000 WatcherThread [stack: 0x0000006f1bc00000,0x0000006f1bd00000] [id=12280]
  0x000001d36f9d4000 GCTaskThread "GC Thread#0" [stack: 0x0000006f1ab00000,0x0000006f1ac00000] [id=7516]
  0x000001d30f31e800 GCTaskThread "GC Thread#1" [stack: 0x0000006f1be00000,0x0000006f1bf00000] [id=15620]
  0x000001d30f30b000 GCTaskThread "GC Thread#2" [stack: 0x0000006f1bf00000,0x0000006f1c000000] [id=16344]
  0x000001d36fa02800 ConcurrentGCThread "G1 Main Marker" [stack: 0x0000006f1ac00000,0x0000006f1ad00000] [id=7368]
  0x000001d36fa05800 ConcurrentGCThread "G1 Conc#0" [stack: 0x0000006f1ad00000,0x0000006f1ae00000] [id=6744]
  0x000001d36fa96000 ConcurrentGCThread "G1 Refine#0" [stack: 0x0000006f1ae00000,0x0000006f1af00000] [id=13716]
  0x000001d36fa97000 ConcurrentGCThread "G1 Young RemSet Sampling" [stack: 0x0000006f1af00000,0x0000006f1b000000] [id=7064]

Threads with active compile tasks:

VM state:not at safepoint (normal execution)

VM Mutex/Monitor currently owned by a thread: None

Heap address: 0x0000000082400000, size: 2012 MB, Compressed Oops mode: 32-bit
Narrow klass base: 0x0000000000000000, Narrow klass shift: 3
Compressed class space size: 1073741824 Address: 0x0000000100000000

Heap:
 garbage-first heap   total 129024K, used 30011K [0x0000000082400000, 0x0000000100000000)
  region size 1024K, 29 young (29696K), 5 survivors (5120K)
 Metaspace       used 19786K, capacity 20350K, committed 20480K, reserved 1067008K
  class space    used 2034K, capacity 2264K, committed 2304K, reserved 1048576K
Heap Regions: E=young(eden), S=young(survivor), O=old, HS=humongous(starts), HC=humongous(continues), CS=collection set, F=free, A=archive, TAMS=top-at-mark-start (previous, next)
|   0|0x0000000082400000, 0x0000000082500000, 0x0000000082500000|100%| O|  |TAMS 0x0000000082400000, 0x0000000082400000| Untracked 
|   1|0x0000000082500000, 0x0000000082600000, 0x0000000082600000|100%| O|  |TAMS 0x0000000082500000, 0x0000000082500000| Untracked 
|   2|0x0000000082600000, 0x000000008260d400, 0x0000000082700000|  5%| O|  |TAMS 0x0000000082600000, 0x0000000082600000| Untracked 
|   3|0x0000000082700000, 0x0000000082700000, 0x0000000082800000|  0%| F|  |TAMS 0x0000000082700000, 0x0000000082700000| Untracked 
|   4|0x0000000082800000, 0x0000000082800000, 0x0000000082900000|  0%| F|  |TAMS 0x0000000082800000, 0x0000000082800000| Untracked 
|   5|0x0000000082900000, 0x0000000082900000, 0x0000000082a00000|  0%| F|  |TAMS 0x0000000082900000, 0x0000000082900000| Untracked 
|   6|0x0000000082a00000, 0x0000000082a00000, 0x0000000082b00000|  0%| F|  |TAMS 0x0000000082a00000, 0x0000000082a00000| Untracked 
|   7|0x0000000082b00000, 0x0000000082b00000, 0x0000000082c00000|  0%| F|  |TAMS 0x0000000082b00000, 0x0000000082b00000| Untracked 
|   8|0x0000000082c00000, 0x0000000082c00000, 0x0000000082d00000|  0%| F|  |TAMS 0x0000000082c00000, 0x0000000082c00000| Untracked 
|   9|0x0000000082d00000, 0x0000000082d00000, 0x0000000082e00000|  0%| F|  |TAMS 0x0000000082d00000, 0x0000000082d00000| Untracked 
|  10|0x0000000082e00000, 0x0000000082e00000, 0x0000000082f00000|  0%| F|  |TAMS 0x0000000082e00000, 0x0000000082e00000| Untracked 
|  11|0x0000000082f00000, 0x0000000082f00000, 0x0000000083000000|  0%| F|  |TAMS 0x0000000082f00000, 0x0000000082f00000| Untracked 
|  12|0x0000000083000000, 0x0000000083000000, 0x0000000083100000|  0%| F|  |TAMS 0x0000000083000000, 0x0000000083000000| Untracked 
|  13|0x0000000083100000, 0x0000000083100000, 0x0000000083200000|  0%| F|  |TAMS 0x0000000083100000, 0x0000000083100000| Untracked 
|  14|0x0000000083200000, 0x0000000083200000, 0x0000000083300000|  0%| F|  |TAMS 0x0000000083200000, 0x0000000083200000| Untracked 
|  15|0x0000000083300000, 0x0000000083300000, 0x0000000083400000|  0%| F|  |TAMS 0x0000000083300000, 0x0000000083300000| Untracked 
|  16|0x0000000083400000, 0x0000000083400000, 0x0000000083500000|  0%| F|  |TAMS 0x0000000083400000, 0x0000000083400000| Untracked 
|  17|0x0000000083500000, 0x0000000083500000, 0x0000000083600000|  0%| F|  |TAMS 0x0000000083500000, 0x0000000083500000| Untracked 
|  18|0x0000000083600000, 0x0000000083600000, 0x0000000083700000|  0%| F|  |TAMS 0x0000000083600000, 0x0000000083600000| Untracked 
|  19|0x0000000083700000, 0x0000000083700000, 0x0000000083800000|  0%| F|  |TAMS 0x0000000083700000, 0x0000000083700000| Untracked 
|  20|0x0000000083800000, 0x0000000083800000, 0x0000000083900000|  0%| F|  |TAMS 0x0000000083800000, 0x0000000083800000| Untracked 
|  21|0x0000000083900000, 0x0000000083900000, 0x0000000083a00000|  0%| F|  |TAMS 0x0000000083900000, 0x0000000083900000| Untracked 
|  22|0x0000000083a00000, 0x0000000083a00000, 0x0000000083b00000|  0%| F|  |TAMS 0x0000000083a00000, 0x0000000083a00000| Untracked 
|  23|0x0000000083b00000, 0x0000000083b00000, 0x0000000083c00000|  0%| F|  |TAMS 0x0000000083b00000, 0x0000000083b00000| Untracked 
|  24|0x0000000083c00000, 0x0000000083c00000, 0x0000000083d00000|  0%| F|  |TAMS 0x0000000083c00000, 0x0000000083c00000| Untracked 
|  25|0x0000000083d00000, 0x0000000083d00000, 0x0000000083e00000|  0%| F|  |TAMS 0x0000000083d00000, 0x0000000083d00000| Untracked 
|  26|0x0000000083e00000, 0x0000000083e00000, 0x0000000083f00000|  0%| F|  |TAMS 0x0000000083e00000, 0x0000000083e00000| Untracked 
|  27|0x0000000083f00000, 0x0000000083f00000, 0x0000000084000000|  0%| F|  |TAMS 0x0000000083f00000, 0x0000000083f00000| Untracked 
|  28|0x0000000084000000, 0x0000000084000000, 0x0000000084100000|  0%| F|  |TAMS 0x0000000084000000, 0x0000000084000000| Untracked 
|  29|0x0000000084100000, 0x0000000084100000, 0x0000000084200000|  0%| F|  |TAMS 0x0000000084100000, 0x0000000084100000| Untracked 
|  30|0x0000000084200000, 0x0000000084200000, 0x0000000084300000|  0%| F|  |TAMS 0x0000000084200000, 0x0000000084200000| Untracked 
|  31|0x0000000084300000, 0x0000000084300000, 0x0000000084400000|  0%| F|  |TAMS 0x0000000084300000, 0x0000000084300000| Untracked 
|  32|0x0000000084400000, 0x0000000084400000, 0x0000000084500000|  0%| F|  |TAMS 0x0000000084400000, 0x0000000084400000| Untracked 
|  33|0x0000000084500000, 0x0000000084500000, 0x0000000084600000|  0%| F|  |TAMS 0x0000000084500000, 0x0000000084500000| Untracked 
|  34|0x0000000084600000, 0x0000000084600000, 0x0000000084700000|  0%| F|  |TAMS 0x0000000084600000, 0x0000000084600000| Untracked 
|  35|0x0000000084700000, 0x0000000084700000, 0x0000000084800000|  0%| F|  |TAMS 0x0000000084700000, 0x0000000084700000| Untracked 
|  36|0x0000000084800000, 0x0000000084800000, 0x0000000084900000|  0%| F|  |TAMS 0x0000000084800000, 0x0000000084800000| Untracked 
|  37|0x0000000084900000, 0x0000000084900000, 0x0000000084a00000|  0%| F|  |TAMS 0x0000000084900000, 0x0000000084900000| Untracked 
|  38|0x0000000084a00000, 0x0000000084a00000, 0x0000000084b00000|  0%| F|  |TAMS 0x0000000084a00000, 0x0000000084a00000| Untracked 
|  39|0x0000000084b00000, 0x0000000084b00000, 0x0000000084c00000|  0%| F|  |TAMS 0x0000000084b00000, 0x0000000084b00000| Untracked 
|  40|0x0000000084c00000, 0x0000000084c00000, 0x0000000084d00000|  0%| F|  |TAMS 0x0000000084c00000, 0x0000000084c00000| Untracked 
|  41|0x0000000084d00000, 0x0000000084d00000, 0x0000000084e00000|  0%| F|  |TAMS 0x0000000084d00000, 0x0000000084d00000| Untracked 
|  42|0x0000000084e00000, 0x0000000084e00000, 0x0000000084f00000|  0%| F|  |TAMS 0x0000000084e00000, 0x0000000084e00000| Untracked 
|  43|0x0000000084f00000, 0x0000000084f00000, 0x0000000085000000|  0%| F|  |TAMS 0x0000000084f00000, 0x0000000084f00000| Untracked 
|  44|0x0000000085000000, 0x0000000085000000, 0x0000000085100000|  0%| F|  |TAMS 0x0000000085000000, 0x0000000085000000| Untracked 
|  45|0x0000000085100000, 0x0000000085100000, 0x0000000085200000|  0%| F|  |TAMS 0x0000000085100000, 0x0000000085100000| Untracked 
|  46|0x0000000085200000, 0x0000000085241bc0, 0x0000000085300000| 25%| S|CS|TAMS 0x0000000085200000, 0x0000000085200000| Complete 
|  47|0x0000000085300000, 0x0000000085400000, 0x0000000085400000|100%| S|CS|TAMS 0x0000000085300000, 0x0000000085300000| Complete 
|  48|0x0000000085400000, 0x0000000085500000, 0x0000000085500000|100%| S|CS|TAMS 0x0000000085400000, 0x0000000085400000| Complete 
|  49|0x0000000085500000, 0x0000000085600000, 0x0000000085600000|100%| S|CS|TAMS 0x0000000085500000, 0x0000000085500000| Complete 
|  50|0x0000000085600000, 0x0000000085700000, 0x0000000085700000|100%| S|CS|TAMS 0x0000000085600000, 0x0000000085600000| Complete 
|  51|0x0000000085700000, 0x0000000085700000, 0x0000000085800000|  0%| F|  |TAMS 0x0000000085700000, 0x0000000085700000| Untracked 
|  52|0x0000000085800000, 0x0000000085800000, 0x0000000085900000|  0%| F|  |TAMS 0x0000000085800000, 0x0000000085800000| Untracked 
|  53|0x0000000085900000, 0x0000000085900000, 0x0000000085a00000|  0%| F|  |TAMS 0x0000000085900000, 0x0000000085900000| Untracked 
|  54|0x0000000085a00000, 0x0000000085a00000, 0x0000000085b00000|  0%| F|  |TAMS 0x0000000085a00000, 0x0000000085a00000| Untracked 
|  55|0x0000000085b00000, 0x0000000085b00000, 0x0000000085c00000|  0%| F|  |TAMS 0x0000000085b00000, 0x0000000085b00000| Untracked 
|  56|0x0000000085c00000, 0x0000000085c00000, 0x0000000085d00000|  0%| F|  |TAMS 0x0000000085c00000, 0x0000000085c00000| Untracked 
|  57|0x0000000085d00000, 0x0000000085d00000, 0x0000000085e00000|  0%| F|  |TAMS 0x0000000085d00000, 0x0000000085d00000| Untracked 
|  58|0x0000000085e00000, 0x0000000085e00000, 0x0000000085f00000|  0%| F|  |TAMS 0x0000000085e00000, 0x0000000085e00000| Untracked 
|  59|0x0000000085f00000, 0x0000000085f00000, 0x0000000086000000|  0%| F|  |TAMS 0x0000000085f00000, 0x0000000085f00000| Untracked 
|  60|0x0000000086000000, 0x0000000086000000, 0x0000000086100000|  0%| F|  |TAMS 0x0000000086000000, 0x0000000086000000| Untracked 
|  61|0x0000000086100000, 0x0000000086100000, 0x0000000086200000|  0%| F|  |TAMS 0x0000000086100000, 0x0000000086100000| Untracked 
|  62|0x0000000086200000, 0x0000000086200000, 0x0000000086300000|  0%| F|  |TAMS 0x0000000086200000, 0x0000000086200000| Untracked 
|  63|0x0000000086300000, 0x0000000086300000, 0x0000000086400000|  0%| F|  |TAMS 0x0000000086300000, 0x0000000086300000| Untracked 
|  64|0x0000000086400000, 0x0000000086400000, 0x0000000086500000|  0%| F|  |TAMS 0x0000000086400000, 0x0000000086400000| Untracked 
|  65|0x0000000086500000, 0x0000000086500000, 0x0000000086600000|  0%| F|  |TAMS 0x0000000086500000, 0x0000000086500000| Untracked 
|  66|0x0000000086600000, 0x0000000086600000, 0x0000000086700000|  0%| F|  |TAMS 0x0000000086600000, 0x0000000086600000| Untracked 
|  67|0x0000000086700000, 0x0000000086700000, 0x0000000086800000|  0%| F|  |TAMS 0x0000000086700000, 0x0000000086700000| Untracked 
|  68|0x0000000086800000, 0x0000000086800000, 0x0000000086900000|  0%| F|  |TAMS 0x0000000086800000, 0x0000000086800000| Untracked 
|  69|0x0000000086900000, 0x0000000086900000, 0x0000000086a00000|  0%| F|  |TAMS 0x0000000086900000, 0x0000000086900000| Untracked 
|  70|0x0000000086a00000, 0x0000000086a00000, 0x0000000086b00000|  0%| F|  |TAMS 0x0000000086a00000, 0x0000000086a00000| Untracked 
|  71|0x0000000086b00000, 0x0000000086b00000, 0x0000000086c00000|  0%| F|  |TAMS 0x0000000086b00000, 0x0000000086b00000| Untracked 
|  72|0x0000000086c00000, 0x0000000086c00000, 0x0000000086d00000|  0%| F|  |TAMS 0x0000000086c00000, 0x0000000086c00000| Untracked 
|  73|0x0000000086d00000, 0x0000000086d00000, 0x0000000086e00000|  0%| F|  |TAMS 0x0000000086d00000, 0x0000000086d00000| Untracked 
|  74|0x0000000086e00000, 0x0000000086e00000, 0x0000000086f00000|  0%| F|  |TAMS 0x0000000086e00000, 0x0000000086e00000| Untracked 
|  75|0x0000000086f00000, 0x0000000086f00000, 0x0000000087000000|  0%| F|  |TAMS 0x0000000086f00000, 0x0000000086f00000| Untracked 
|  76|0x0000000087000000, 0x0000000087000000, 0x0000000087100000|  0%| F|  |TAMS 0x0000000087000000, 0x0000000087000000| Untracked 
|  77|0x0000000087100000, 0x0000000087100000, 0x0000000087200000|  0%| F|  |TAMS 0x0000000087100000, 0x0000000087100000| Untracked 
|  78|0x0000000087200000, 0x0000000087200000, 0x0000000087300000|  0%| F|  |TAMS 0x0000000087200000, 0x0000000087200000| Untracked 
|  79|0x0000000087300000, 0x0000000087300000, 0x0000000087400000|  0%| F|  |TAMS 0x0000000087300000, 0x0000000087300000| Untracked 
|  80|0x0000000087400000, 0x0000000087400000, 0x0000000087500000|  0%| F|  |TAMS 0x0000000087400000, 0x0000000087400000| Untracked 
|  81|0x0000000087500000, 0x0000000087500000, 0x0000000087600000|  0%| F|  |TAMS 0x0000000087500000, 0x0000000087500000| Untracked 
|  82|0x0000000087600000, 0x0000000087600000, 0x0000000087700000|  0%| F|  |TAMS 0x0000000087600000, 0x0000000087600000| Untracked 
|  83|0x0000000087700000, 0x0000000087700000, 0x0000000087800000|  0%| F|  |TAMS 0x0000000087700000, 0x0000000087700000| Untracked 
|  84|0x0000000087800000, 0x0000000087800000, 0x0000000087900000|  0%| F|  |TAMS 0x0000000087800000, 0x0000000087800000| Untracked 
|  85|0x0000000087900000, 0x0000000087900000, 0x0000000087a00000|  0%| F|  |TAMS 0x0000000087900000, 0x0000000087900000| Untracked 
|  86|0x0000000087a00000, 0x0000000087a00000, 0x0000000087b00000|  0%| F|  |TAMS 0x0000000087a00000, 0x0000000087a00000| Untracked 
|  87|0x0000000087b00000, 0x0000000087b00000, 0x0000000087c00000|  0%| F|  |TAMS 0x0000000087b00000, 0x0000000087b00000| Untracked 
|  88|0x0000000087c00000, 0x0000000087c00000, 0x0000000087d00000|  0%| F|  |TAMS 0x0000000087c00000, 0x0000000087c00000| Untracked 
|  89|0x0000000087d00000, 0x0000000087d00000, 0x0000000087e00000|  0%| F|  |TAMS 0x0000000087d00000, 0x0000000087d00000| Untracked 
|  90|0x0000000087e00000, 0x0000000087e00000, 0x0000000087f00000|  0%| F|  |TAMS 0x0000000087e00000, 0x0000000087e00000| Untracked 
|  91|0x0000000087f00000, 0x0000000087f00000, 0x0000000088000000|  0%| F|  |TAMS 0x0000000087f00000, 0x0000000087f00000| Untracked 
|  92|0x0000000088000000, 0x0000000088000000, 0x0000000088100000|  0%| F|  |TAMS 0x0000000088000000, 0x0000000088000000| Untracked 
|  93|0x0000000088100000, 0x0000000088100000, 0x0000000088200000|  0%| F|  |TAMS 0x0000000088100000, 0x0000000088100000| Untracked 
|  94|0x0000000088200000, 0x0000000088200000, 0x0000000088300000|  0%| F|  |TAMS 0x0000000088200000, 0x0000000088200000| Untracked 
|  95|0x0000000088300000, 0x0000000088300000, 0x0000000088400000|  0%| F|  |TAMS 0x0000000088300000, 0x0000000088300000| Untracked 
|  96|0x0000000088400000, 0x0000000088400000, 0x0000000088500000|  0%| F|  |TAMS 0x0000000088400000, 0x0000000088400000| Untracked 
|  97|0x0000000088500000, 0x0000000088500000, 0x0000000088600000|  0%| F|  |TAMS 0x0000000088500000, 0x0000000088500000| Untracked 
|  98|0x0000000088600000, 0x0000000088600000, 0x0000000088700000|  0%| F|  |TAMS 0x0000000088600000, 0x0000000088600000| Untracked 
|  99|0x0000000088700000, 0x0000000088700000, 0x0000000088800000|  0%| F|  |TAMS 0x0000000088700000, 0x0000000088700000| Untracked 
| 100|0x0000000088800000, 0x0000000088800000, 0x0000000088900000|  0%| F|  |TAMS 0x0000000088800000, 0x0000000088800000| Untracked 
| 101|0x0000000088900000, 0x0000000088900000, 0x0000000088a00000|  0%| F|  |TAMS 0x0000000088900000, 0x0000000088900000| Untracked 
| 102|0x0000000088a00000, 0x0000000088b00000, 0x0000000088b00000|100%| E|  |TAMS 0x0000000088a00000, 0x0000000088a00000| Complete 
| 103|0x0000000088b00000, 0x0000000088c00000, 0x0000000088c00000|100%| E|CS|TAMS 0x0000000088b00000, 0x0000000088b00000| Complete 
| 104|0x0000000088c00000, 0x0000000088d00000, 0x0000000088d00000|100%| E|CS|TAMS 0x0000000088c00000, 0x0000000088c00000| Complete 
| 105|0x0000000088d00000, 0x0000000088e00000, 0x0000000088e00000|100%| E|CS|TAMS 0x0000000088d00000, 0x0000000088d00000| Complete 
| 106|0x0000000088e00000, 0x0000000088f00000, 0x0000000088f00000|100%| E|CS|TAMS 0x0000000088e00000, 0x0000000088e00000| Complete 
| 107|0x0000000088f00000, 0x0000000089000000, 0x0000000089000000|100%| E|CS|TAMS 0x0000000088f00000, 0x0000000088f00000| Complete 
| 108|0x0000000089000000, 0x0000000089100000, 0x0000000089100000|100%| E|CS|TAMS 0x0000000089000000, 0x0000000089000000| Complete 
| 109|0x0000000089100000, 0x0000000089200000, 0x0000000089200000|100%| E|CS|TAMS 0x0000000089100000, 0x0000000089100000| Complete 
| 110|0x0000000089200000, 0x0000000089300000, 0x0000000089300000|100%| E|CS|TAMS 0x0000000089200000, 0x0000000089200000| Complete 
| 111|0x0000000089300000, 0x0000000089400000, 0x0000000089400000|100%| E|CS|TAMS 0x0000000089300000, 0x0000000089300000| Complete 
| 112|0x0000000089400000, 0x0000000089500000, 0x0000000089500000|100%| E|CS|TAMS 0x0000000089400000, 0x0000000089400000| Complete 
| 113|0x0000000089500000, 0x0000000089600000, 0x0000000089600000|100%| E|CS|TAMS 0x0000000089500000, 0x0000000089500000| Complete 
| 114|0x0000000089600000, 0x0000000089700000, 0x0000000089700000|100%| E|CS|TAMS 0x0000000089600000, 0x0000000089600000| Complete 
| 115|0x0000000089700000, 0x0000000089800000, 0x0000000089800000|100%| E|CS|TAMS 0x0000000089700000, 0x0000000089700000| Complete 
| 116|0x0000000089800000, 0x0000000089900000, 0x0000000089900000|100%| E|CS|TAMS 0x0000000089800000, 0x0000000089800000| Complete 
| 117|0x0000000089900000, 0x0000000089a00000, 0x0000000089a00000|100%| E|CS|TAMS 0x0000000089900000, 0x0000000089900000| Complete 
| 118|0x0000000089a00000, 0x0000000089b00000, 0x0000000089b00000|100%| E|CS|TAMS 0x0000000089a00000, 0x0000000089a00000| Complete 
| 119|0x0000000089b00000, 0x0000000089c00000, 0x0000000089c00000|100%| E|CS|TAMS 0x0000000089b00000, 0x0000000089b00000| Complete 
| 120|0x0000000089c00000, 0x0000000089d00000, 0x0000000089d00000|100%| E|CS|TAMS 0x0000000089c00000, 0x0000000089c00000| Complete 
| 121|0x0000000089d00000, 0x0000000089e00000, 0x0000000089e00000|100%| E|CS|TAMS 0x0000000089d00000, 0x0000000089d00000| Complete 
| 122|0x0000000089e00000, 0x0000000089f00000, 0x0000000089f00000|100%| E|CS|TAMS 0x0000000089e00000, 0x0000000089e00000| Complete 
| 123|0x0000000089f00000, 0x000000008a000000, 0x000000008a000000|100%| E|CS|TAMS 0x0000000089f00000, 0x0000000089f00000| Complete 
| 124|0x000000008a000000, 0x000000008a100000, 0x000000008a100000|100%| E|CS|TAMS 0x000000008a000000, 0x000000008a000000| Complete 
| 125|0x000000008a100000, 0x000000008a200000, 0x000000008a200000|100%| E|CS|TAMS 0x000000008a100000, 0x000000008a100000| Complete 

Card table byte_map: [0x000001d378390000,0x000001d378780000] _byte_map_base: 0x000001d377f7e000

Marking Bits (Prev, Next): (CMBitMap*) 0x000001d36f9fa068, (CMBitMap*) 0x000001d36f9fa0a0
 Prev Bits: [0x000001d378b70000, 0x000001d37aae0000)
 Next Bits: [0x000001d37aae0000, 0x000001d37ca50000)

Polling page: 0x000001d36db60000

Metaspace:

Usage:
  Non-class:     17.66 MB capacity,    17.34 MB ( 98%) used,   270.59 KB (  1%) free+waste,    63.88 KB ( <1%) overhead. 
      Class:      2.21 MB capacity,     1.99 MB ( 90%) used,   199.53 KB (  9%) free+waste,    29.88 KB (  1%) overhead. 
       Both:     19.87 MB capacity,    19.32 MB ( 97%) used,   470.12 KB (  2%) free+waste,    93.75 KB ( <1%) overhead. 

Virtual space:
  Non-class space:       18.00 MB reserved,      17.75 MB ( 99%) committed 
      Class space:        1.00 GB reserved,       2.25 MB ( <1%) committed 
             Both:        1.02 GB reserved,      20.00 MB (  2%) committed 

Chunk freelists:
   Non-Class:  3.25 KB
       Class:  1.00 KB
        Both:  4.25 KB

CodeHeap 'non-profiled nmethods': size=120064Kb used=1911Kb max_used=1939Kb free=118152Kb
 bounds [0x000001d307ac0000, 0x000001d307d30000, 0x000001d30f000000]
CodeHeap 'profiled nmethods': size=120000Kb used=4746Kb max_used=5537Kb free=115253Kb
 bounds [0x000001d300590000, 0x000001d300b00000, 0x000001d307ac0000]
CodeHeap 'non-nmethods': size=5696Kb used=1241Kb max_used=1301Kb free=4454Kb
 bounds [0x000001d300000000, 0x000001d300270000, 0x000001d300590000]
 total_blobs=4270 nmethods=2549 adapters=414
 compilation: enabled
              stopped_count=0, restarted_count=0
 full_count=0

Compilation events (10 events):
Event: 22.506 Thread 0x000001d37ef5c800 2962       1       java.util.stream.ReduceOps$5ReducingSink::begin (9 bytes)
Event: 22.506 Thread 0x000001d37ef5c800 nmethod 2962 0x000001d307b7ca90 code [0x000001d307b7cc40, 0x000001d307b7cd58]
Event: 22.506 Thread 0x000001d37ef5c800 2964       1       java.util.Spliterators$ArraySpliterator::estimateSize (11 bytes)
Event: 22.506 Thread 0x000001d37ef5c800 nmethod 2964 0x000001d307b7c710 code [0x000001d307b7c8c0, 0x000001d307b7c9d8]
Event: 22.550 Thread 0x000001d30faab800 nmethod 2956 0x000001d307b7ad90 code [0x000001d307b7afe0, 0x000001d307b7bf78]
Event: 22.550 Thread 0x000001d30faab800 2950       4       jdplus.math.linearfilters.SymmetricFilter::convolutionOf (103 bytes)
Event: 22.603 Thread 0x000001d30faab800 nmethod 2950 0x000001d307bac310 code [0x000001d307bac560, 0x000001d307bad6b8]
Event: 22.603 Thread 0x000001d30faab800 2947       4       jdplus.data.DataBlock$$Lambda$160/0x00000001001f4040::test (9 bytes)
Event: 22.604 Thread 0x000001d30faab800 nmethod 2947 0x000001d307b7a990 code [0x000001d307b7ab60, 0x000001d307b7ac78]
Event: 22.778 Thread 0x000001d37ef56800 nmethod 2946% 0x000001d307ca8b10 code [0x000001d307ca9020, 0x000001d307cb11d8]

GC Heap History (8 events):
Event: 1.049 GC heap before
{Heap before GC invocations=0 (full 0):
 garbage-first heap   total 129024K, used 14336K [0x0000000082400000, 0x0000000100000000)
  region size 1024K, 14 young (14336K), 0 survivors (0K)
 Metaspace       used 8857K, capacity 9027K, committed 9216K, reserved 1056768K
  class space    used 837K, capacity 903K, committed 1024K, reserved 1048576K
}
Event: 1.054 GC heap after
{Heap after GC invocations=1 (full 0):
 garbage-first heap   total 129024K, used 2111K [0x0000000082400000, 0x0000000100000000)
  region size 1024K, 2 young (2048K), 2 survivors (2048K)
 Metaspace       used 8857K, capacity 9027K, committed 9216K, reserved 1056768K
  class space    used 837K, capacity 903K, committed 1024K, reserved 1048576K
}
Event: 9.824 GC heap before
{Heap before GC invocations=1 (full 0):
 garbage-first heap   total 129024K, used 76863K [0x0000000082400000, 0x0000000100000000)
  region size 1024K, 75 young (76800K), 2 survivors (2048K)
 Metaspace       used 19298K, capacity 19871K, committed 19968K, reserved 1067008K
  class space    used 2007K, capacity 2215K, committed 2304K, reserved 1048576K
}
Event: 9.838 GC heap after
{Heap after GC invocations=2 (full 0):
 garbage-first heap   total 129024K, used 5931K [0x0000000082400000, 0x0000000100000000)
  region size 1024K, 6 young (6144K), 6 survivors (6144K)
 Metaspace       used 19298K, capacity 19871K, committed 19968K, reserved 1067008K
  class space    used 2007K, capacity 2215K, committed 2304K, reserved 1048576K
}
Event: 15.197 GC heap before
{Heap before GC invocations=2 (full 0):
 garbage-first heap   total 129024K, used 76587K [0x0000000082400000, 0x0000000100000000)
  region size 1024K, 75 young (76800K), 6 survivors (6144K)
 Metaspace       used 19452K, capacity 20095K, committed 20224K, reserved 1067008K
  class space    used 2012K, capacity 2222K, committed 2304K, reserved 1048576K
}
Event: 15.208 GC heap after
{Heap after GC invocations=3 (full 0):
 garbage-first heap   total 129024K, used 6451K [0x0000000082400000, 0x0000000100000000)
  region size 1024K, 5 young (5120K), 5 survivors (5120K)
 Metaspace       used 19452K, capacity 20095K, committed 20224K, reserved 1067008K
  class space    used 2012K, capacity 2222K, committed 2304K, reserved 1048576K
}
Event: 18.289 GC heap before
{Heap before GC invocations=3 (full 0):
 garbage-first heap   total 129024K, used 78131K [0x0000000082400000, 0x0000000100000000)
  region size 1024K, 75 young (76800K), 5 survivors (5120K)
 Metaspace       used 19625K, capacity 20210K, committed 20480K, reserved 1067008K
  class space    used 2022K, capacity 2260K, committed 2304K, reserved 1048576K
}
Event: 18.297 GC heap after
{Heap after GC invocations=4 (full 0):
 garbage-first heap   total 129024K, used 6459K [0x0000000082400000, 0x0000000100000000)
  region size 1024K, 5 young (5120K), 5 survivors (5120K)
 Metaspace       used 19625K, capacity 20210K, committed 20480K, reserved 1067008K
  class space    used 2022K, capacity 2260K, committed 2304K, reserved 1048576K
}

Deoptimization events (10 events):
Event: 17.053 Thread 0x000001d36f9bc000 Uncommon trap: reason=profile_predicate action=maybe_recompile pc=0x000001d307c88304 method=jdplus.leastsquares.QRSolution.unscaledCovariance()Ljdplus/math/matrices/Matrix; @ 106 c2
Event: 17.060 Thread 0x000001d36f9bc000 Uncommon trap: reason=profile_predicate action=maybe_recompile pc=0x000001d307c8c0a0 method=jdplus.sarima.estimation.HannanRissanen.biascorrection()V @ 431 c2
Event: 17.071 Thread 0x000001d36f9bc000 Uncommon trap: reason=profile_predicate action=maybe_recompile pc=0x000001d307c8c0a0 method=jdplus.sarima.estimation.HannanRissanen.biascorrection()V @ 431 c2
Event: 17.097 Thread 0x000001d36f9bc000 Uncommon trap: reason=profile_predicate action=maybe_recompile pc=0x000001d307c8c5f8 method=jdplus.sarima.estimation.HannanRissanen.biascorrection()V @ 128 c2
Event: 17.098 Thread 0x000001d36f9bc000 Uncommon trap: reason=profile_predicate action=maybe_recompile pc=0x000001d307c8c0a0 method=jdplus.sarima.estimation.HannanRissanen.biascorrection()V @ 431 c2
Event: 22.486 Thread 0x000001d36f9bc000 Uncommon trap: reason=profile_predicate action=maybe_recompile pc=0x000001d307b4b66c method=demetra.data.DoubleSeq$Mutable.set(Ldemetra/data/DoubleSeq;)V @ 29 c2
Event: 22.487 Thread 0x000001d36f9bc000 Uncommon trap: reason=profile_predicate action=maybe_recompile pc=0x000001d307b4b66c method=demetra.data.DoubleSeq$Mutable.set(Ldemetra/data/DoubleSeq;)V @ 29 c2
Event: 22.487 Thread 0x000001d36f9bc000 Uncommon trap: reason=profile_predicate action=maybe_recompile pc=0x000001d307b4b66c method=demetra.data.DoubleSeq$Mutable.set(Ldemetra/data/DoubleSeq;)V @ 29 c2
Event: 22.487 Thread 0x000001d36f9bc000 Uncommon trap: reason=profile_predicate action=maybe_recompile pc=0x000001d307b4b66c method=demetra.data.DoubleSeq$Mutable.set(Ldemetra/data/DoubleSeq;)V @ 29 c2
Event: 22.508 Thread 0x000001d36f9bc000 Uncommon trap: reason=profile_predicate action=maybe_recompile pc=0x000001d307ca5f10 method=jdplus.sarima.estimation.HannanRissanen.biascorrection()V @ 624 c2

Classes redefined (0 events):
No events

Internal exceptions (10 events):
Event: 9.326 Thread 0x000001d36f9bc000 Exception <a 'java/lang/NoSuchMethodError'{0x0000000086593890}: java.lang.invoke.DirectMethodHandle$Holder.invokeStatic(Ljava/lang/Object;Ljava/lang/Object;Ljava/lang/Object;Ljava/lang/Object;Ljava/lang/Object;)I> (0x0000000086593890) thrown at [c:/cygwin
Event: 9.359 Thread 0x000001d36f9bc000 Exception <a 'java/lang/NoSuchMethodError'{0x00000000865ee5a0}: java.lang.invoke.DirectMethodHandle$Holder.invokeStatic(Ljava/lang/Object;Ljava/lang/Object;D)Ljava/lang/Object;> (0x00000000865ee5a0) thrown at [c:/cygwin64/tmp/tmp.ELJil07T4L/workspace/buil
Event: 9.595 Thread 0x000001d36f9bc000 Exception <a 'java/lang/NullPointerException'{0x0000000086105288}> (0x0000000086105288) thrown at [c:/cygwin64/tmp/tmp.ELJil07T4L/workspace/build/src/src/hotspot/share/interpreter/linkResolver.cpp, line 1372]
Event: 10.627 Thread 0x000001d36f9bc000 Exception <a 'java/lang/NullPointerException'{0x0000000089b77c80}> (0x0000000089b77c80) thrown at [c:/cygwin64/tmp/tmp.ELJil07T4L/workspace/build/src/src/hotspot/share/interpreter/linkResolver.cpp, line 1372]
Event: 14.694 Thread 0x000001d36f9bc000 Exception <a 'java/lang/NullPointerException'{0x0000000088c08eb0}> (0x0000000088c08eb0) thrown at [c:/cygwin64/tmp/tmp.ELJil07T4L/workspace/build/src/src/hotspot/share/interpreter/linkResolver.cpp, line 1372]
Event: 15.051 Thread 0x000001d36f9bc000 Exception <a 'java/lang/NoSuchMethodError'{0x0000000087042040}: java.lang.invoke.DirectMethodHandle$Holder.invokeSpecialIFC(Ljava/lang/Object;Ljava/lang/Object;Ljava/lang/Object;Ljava/lang/Object;)I> (0x0000000087042040) thrown at [c:/cygwin64/tmp/tmp.ELJ
Event: 15.792 Thread 0x000001d36f9bc000 Exception <a 'java/lang/NullPointerException'{0x00000000892629a0}> (0x00000000892629a0) thrown at [c:/cygwin64/tmp/tmp.ELJil07T4L/workspace/build/src/src/hotspot/share/interpreter/linkResolver.cpp, line 1372]
Event: 17.025 Thread 0x000001d36f9bc000 Exception <a 'java/lang/NullPointerException'{0x00000000881d2d60}> (0x00000000881d2d60) thrown at [c:/cygwin64/tmp/tmp.ELJil07T4L/workspace/build/src/src/hotspot/share/interpreter/linkResolver.cpp, line 1372]
Event: 18.156 Thread 0x000001d36f9bc000 Exception <a 'java/lang/NullPointerException'{0x0000000086b4d700}> (0x0000000086b4d700) thrown at [c:/cygwin64/tmp/tmp.ELJil07T4L/workspace/build/src/src/hotspot/share/interpreter/linkResolver.cpp, line 1372]
Event: 22.485 Thread 0x000001d36f9bc000 Exception <a 'java/lang/NullPointerException'{0x0000000089c10990}> (0x0000000089c10990) thrown at [c:/cygwin64/tmp/tmp.ELJil07T4L/workspace/build/src/src/hotspot/share/interpreter/linkResolver.cpp, line 1372]

Events (10 events):
Event: 227.386 Executing VM operation: GetCurrentLocation
Event: 227.386 Executing VM operation: GetCurrentLocation done
Event: 227.386 Executing VM operation: ChangeSingleStep
Event: 227.386 Executing VM operation: ChangeSingleStep done
Event: 227.393 Executing VM operation: ChangeSingleStep
Event: 227.393 Executing VM operation: ChangeSingleStep done
Event: 227.394 Executing VM operation: GetCurrentLocation
Event: 227.394 Executing VM operation: GetCurrentLocation done
Event: 227.394 Executing VM operation: ChangeSingleStep
Event: 227.394 Executing VM operation: ChangeSingleStep done


Dynamic libraries:
0x00007ff70e2c0000 - 0x00007ff70e2fc000 	C:\LocalData\DEV\SOFTWARE\Java64\jdk-11+28\bin\java.exe
0x00007ff8e83d0000 - 0x00007ff8e85c5000 	C:\WINDOWS\SYSTEM32\ntdll.dll
0x00007ff8e8270000 - 0x00007ff8e832d000 	C:\WINDOWS\System32\KERNEL32.DLL
0x00007ff8e5f20000 - 0x00007ff8e61e8000 	C:\WINDOWS\System32\KERNELBASE.dll
0x00007ff8e7d60000 - 0x00007ff8e7e0c000 	C:\WINDOWS\System32\ADVAPI32.DLL
0x00007ff8e76c0000 - 0x00007ff8e775e000 	C:\WINDOWS\System32\msvcrt.dll
0x00007ff8e71b0000 - 0x00007ff8e724b000 	C:\WINDOWS\System32\sechost.dll
0x00007ff8e7340000 - 0x00007ff8e746b000 	C:\WINDOWS\System32\RPCRT4.dll
0x00007ff8e7470000 - 0x00007ff8e7610000 	C:\WINDOWS\System32\USER32.dll
0x00007ff8e5b10000 - 0x00007ff8e5b32000 	C:\WINDOWS\System32\win32u.dll
0x00007ff8e81d0000 - 0x00007ff8e81fa000 	C:\WINDOWS\System32\GDI32.dll
0x00007ff8e5c40000 - 0x00007ff8e5d4b000 	C:\WINDOWS\System32\gdi32full.dll
0x00007ff8e5d50000 - 0x00007ff8e5ded000 	C:\WINDOWS\System32\msvcp_win.dll
0x00007ff8e5b40000 - 0x00007ff8e5c40000 	C:\WINDOWS\System32\ucrtbase.dll
0x00007ff8ce2d0000 - 0x00007ff8ce56a000 	C:\WINDOWS\WinSxS\amd64_microsoft.windows.common-controls_6595b64144ccf1df_6.0.19041.844_none_ca00b6081b84eb1d\COMCTL32.dll
0x00007ff8e81a0000 - 0x00007ff8e81d0000 	C:\WINDOWS\System32\IMM32.DLL
0x00007ff8d2460000 - 0x00007ff8d254f000 	C:\LocalData\DEV\SOFTWARE\Java64\jdk-11+28\bin\msvcr120.dll
0x00007ff8c8df0000 - 0x00007ff8c8e96000 	C:\LocalData\DEV\SOFTWARE\Java64\jdk-11+28\bin\msvcp120.dll
0x00007ff89ebd0000 - 0x00007ff89f6a3000 	C:\LocalData\DEV\SOFTWARE\Java64\jdk-11+28\bin\server\jvm.dll
0x00007ff8e71a0000 - 0x00007ff8e71a8000 	C:\WINDOWS\System32\PSAPI.DLL
0x00007ff8d5120000 - 0x00007ff8d5129000 	C:\WINDOWS\SYSTEM32\WSOCK32.dll
0x00007ff8e8200000 - 0x00007ff8e826b000 	C:\WINDOWS\System32\WS2_32.dll
0x00007ff8d5110000 - 0x00007ff8d511a000 	C:\WINDOWS\SYSTEM32\VERSION.dll
0x00007ff8d50e0000 - 0x00007ff8d5107000 	C:\WINDOWS\SYSTEM32\WINMM.dll
0x00007ff8d6dd0000 - 0x00007ff8d6ddf000 	C:\LocalData\DEV\SOFTWARE\Java64\jdk-11+28\bin\verify.dll
0x00007ff8cf5f0000 - 0x00007ff8cf7d4000 	C:\WINDOWS\SYSTEM32\DBGHELP.DLL
0x00007ff8cf5c0000 - 0x00007ff8cf5ec000 	C:\WINDOWS\SYSTEM32\dbgcore.DLL
0x00007ff8e5df0000 - 0x00007ff8e5e70000 	C:\WINDOWS\System32\bcryptPrimitives.dll
0x00007ff8d6ba0000 - 0x00007ff8d6bc6000 	C:\LocalData\DEV\SOFTWARE\Java64\jdk-11+28\bin\java.dll
0x00007ff8ca0e0000 - 0x00007ff8ca116000 	C:\LocalData\DEV\SOFTWARE\Java64\jdk-11+28\bin\jdwp.dll
0x00007ff8d6980000 - 0x00007ff8d6996000 	C:\LocalData\DEV\SOFTWARE\Java64\jdk-11+28\bin\zip.dll
0x00007ff8d6dc0000 - 0x00007ff8d6dca000 	C:\LocalData\DEV\SOFTWARE\Java64\jdk-11+28\bin\jimage.dll
0x00007ff8e6a50000 - 0x00007ff8e7192000 	C:\WINDOWS\System32\SHELL32.dll
0x00007ff8e3a20000 - 0x00007ff8e41b0000 	C:\WINDOWS\SYSTEM32\windows.storage.dll
0x00007ff8e7e40000 - 0x00007ff8e8195000 	C:\WINDOWS\System32\combase.dll
0x00007ff8e54a0000 - 0x00007ff8e54cc000 	C:\WINDOWS\SYSTEM32\Wldp.dll
0x00007ff8e7610000 - 0x00007ff8e76be000 	C:\WINDOWS\System32\SHCORE.dll
0x00007ff8e8330000 - 0x00007ff8e8385000 	C:\WINDOWS\System32\shlwapi.dll
0x00007ff8e5a50000 - 0x00007ff8e5a6f000 	C:\WINDOWS\SYSTEM32\profapi.dll
0x00007ff8d2820000 - 0x00007ff8d282a000 	C:\LocalData\DEV\SOFTWARE\Java64\jdk-11+28\bin\dt_socket.dll
0x00007ff8e5290000 - 0x00007ff8e52fa000 	C:\WINDOWS\System32\mswsock.dll
0x00007ff8e4f90000 - 0x00007ff8e505c000 	C:\WINDOWS\SYSTEM32\DNSAPI.dll
0x00007ff8e4f50000 - 0x00007ff8e4f8b000 	C:\WINDOWS\SYSTEM32\IPHLPAPI.DLL
0x00007ff8e7e10000 - 0x00007ff8e7e18000 	C:\WINDOWS\System32\NSI.dll
0x00007ff8de100000 - 0x00007ff8de17f000 	C:\WINDOWS\System32\fwpuclnt.dll
0x00007ff8e6350000 - 0x00007ff8e6377000 	C:\WINDOWS\System32\bcrypt.dll
0x00007ff8d35b0000 - 0x00007ff8d35ba000 	C:\Windows\System32\rasadhlp.dll
0x00007ff8d6960000 - 0x00007ff8d6978000 	C:\LocalData\DEV\SOFTWARE\Java64\jdk-11+28\bin\net.dll
0x00007ff8e4b60000 - 0x00007ff8e4c6b000 	C:\WINDOWS\SYSTEM32\WINHTTP.dll
0x00007ff8d6940000 - 0x00007ff8d6951000 	C:\LocalData\DEV\SOFTWARE\Java64\jdk-11+28\bin\nio.dll
0x00007ff8e54f0000 - 0x00007ff8e5508000 	C:\WINDOWS\SYSTEM32\CRYPTSP.dll
0x00007ff8e4ad0000 - 0x00007ff8e4b04000 	C:\WINDOWS\system32\rsaenh.dll
0x00007ff8e5a10000 - 0x00007ff8e5a3e000 	C:\WINDOWS\SYSTEM32\USERENV.dll
0x00007ff8e54d0000 - 0x00007ff8e54dc000 	C:\WINDOWS\SYSTEM32\CRYPTBASE.dll
0x00007ff8d7770000 - 0x00007ff8d7787000 	C:\WINDOWS\SYSTEM32\dhcpcsvc6.DLL
0x00007ff8d7750000 - 0x00007ff8d776d000 	C:\WINDOWS\SYSTEM32\dhcpcsvc.DLL

dbghelp: loaded successfully - version: 4.0.5 - missing functions: none
symbol engine: initialized successfully - sym options: 0x614 - pdb path: .;C:\LocalData\DEV\SOFTWARE\Java64\jdk-11+28\bin;C:\WINDOWS\SYSTEM32;C:\WINDOWS\WinSxS\amd64_microsoft.windows.common-controls_6595b64144ccf1df_6.0.19041.844_none_ca00b6081b84eb1d;C:\LocalData\DEV\SOFTWARE\Java64\jdk-11+28\bin\server

VM Arguments:
jvm_args: -agentlib:jdwp=transport=dt_socket,server=n,address=56467 
java_command: demetra.tramoseats.io.information.TramoSeatsSpecMappingTest
java_class_path (initial): C:\LocalData\DEV\PALATEJ\JD+ 3.0\jdemetra-core\demetra-tramoseats\demetra-tramoseats-io\target\test-classes;C:\LocalData\DEV\PALATEJ\JD+ 3.0\jdemetra-core\demetra-tramoseats\demetra-tramoseats-io\target\classes;C:\LocalData\DEV\PALATEJ\JD+ 3.0\jdemetra-core\demetra-toolkit\demetra-toolkit-api\target\classes;C:\LocalData\DEV\PALATEJ\JD+ 3.0\jdemetra-core\demetra-tramoseats\demetra-tramoseats-api\target\classes;C:\LocalData\DEV\PALATEJ\JD+ 3.0\jdemetra-core\demetra-sa\demetra-sa-api\target\classes;C:\LocalData\DEV\PALATEJ\JD+ 3.0\jdemetra-core\demetra-sa\demetra-sa-core\target\classes;C:\LocalData\DEV\PALATEJ\JD+ 3.0\jdemetra-core\demetra-toolkit\demetra-toolkit-core\demetra-toolkit-basic\target\classes;C:\LocalData\DEV\PALATEJ\JD+ 3.0\jdemetra-core\demetra-toolkit\demetra-toolkit-api-advanced\target\classes;C:\LocalData\DEV\PALATEJ\JD+ 3.0\jdemetra-core\demetra-toolkit\demetra-toolkit-core\demetra-toolkit-modelling\target\classes;C:\LocalData\DEV\PALATEJ\JD+ 3.0\jdemetra-core\demetra-toolkit\demetra-toolkit-core\demetra-toolkit-regarima\target\classes;C:\LocalData\DEV\PALATEJ\JD+ 3.0\jdemetra-core\demetra-toolkit\demetra-toolkit-core\demetra-toolkit-ssf\target\classes;C:\LocalData\DEV\PALATEJ\JD+ 3.0\jdemetra-core\demetra-tramoseats\demetra-tramoseats-core\target\classes;C:\LocalData\DEV\PALATEJ\JD+ 3.0\jdemetra-core\demetra-toolkit\demetra-toolkit-io\target\classes;c:\LocalData\DEV\PALATEJ\REPO\com\google\protobuf\protobuf-java\3.17.1\protobuf-java-3.17.1.jar;C:\LocalData\DEV\PALATEJ\JD+ 3.0\jdemetra-core\demetra-sa\demetra-sa-io\target\classes;c:\LocalData\DEV\PALATEJ\REPO\eu\europa\ec\joinup\sat\demetra-data-tests\1.0.0-SNAPSHOT\demetra-data-tests-1.0.0-SNAPSHOT.jar;c:\LocalData\DEV\PALATEJ\REPO\org\checkerframework\checker-qual\3.13.0\checker-qual-3.13.0.jar;c:\LocalData\DEV\PALATEJ\REPO\org\projectlombok\lombok\1.18.20\lombok-1.18.20.jar;c:\LocalData\DEV\PALATEJ\REPO\com\github\nbbrd\java-design-util\java-design-processor\1.1.3\java-
Launcher Type: SUN_STANDARD

[Global flags]
     intx CICompilerCount                          = 3                                         {product} {ergonomic}
     uint ConcGCThreads                            = 1                                         {product} {ergonomic}
     uint G1ConcRefinementThreads                  = 4                                         {product} {ergonomic}
   size_t G1HeapRegionSize                         = 1048576                                   {product} {ergonomic}
    uintx GCDrainStackTargetSize                   = 64                                        {product} {ergonomic}
   size_t InitialHeapSize                          = 132120576                                 {product} {ergonomic}
   size_t MarkStackSize                            = 4194304                                   {product} {ergonomic}
   size_t MaxHeapSize                              = 2109734912                                {product} {ergonomic}
   size_t MaxNewSize                               = 1265631232                                {product} {ergonomic}
   size_t MinHeapDeltaBytes                        = 1048576                                   {product} {ergonomic}
    uintx NonNMethodCodeHeapSize                   = 5830092                                {pd product} {ergonomic}
    uintx NonProfiledCodeHeapSize                  = 122914074                              {pd product} {ergonomic}
    uintx ProfiledCodeHeapSize                     = 122914074                              {pd product} {ergonomic}
    uintx ReservedCodeCacheSize                    = 251658240                              {pd product} {ergonomic}
     bool SegmentedCodeCache                       = true                                      {product} {ergonomic}
     bool UseCompressedClassPointers               = true                                 {lp64_product} {ergonomic}
     bool UseCompressedOops                        = true                                 {lp64_product} {ergonomic}
     bool UseG1GC                                  = true                                      {product} {ergonomic}
     bool UseLargePagesIndividualAllocation        = false                                  {pd product} {ergonomic}

Logging:
Log output configuration:
 #0: stdout all=warning uptime,level,tags
 #1: stderr all=off uptime,level,tags

Environment Variables:
JAVA_HOME=C:\LocalData\DEV\SOFTWARE\Java64\jdk-11+28
PATH=C:\Program Files (x86)\Common Files\Oracle\Java\javapath;C:\Program Files\Microsoft MPI\Bin\;C:\WINDOWS\system32;C:\WINDOWS;C:\WINDOWS\System32\Wbem;C:\WINDOWS\System32\WindowsPowerShell\v1.0\;C:\Program Files\SafeNet\Authentication\SAC\x64;C:\Program Files\SafeNet\Authentication\SAC\x32;C:\Program Files (x86)\Common Files\Hitachi ID\;C:\Program Files\WinZip\;C:\Program Files\dotnet\;C:\Program Files\Git\cmd;C:\Program Files\TortoiseGit\bin;C:\Program Files\Microsoft SQL Server\130\Tools\Binn\;C:\WINDOWS\system32;C:\WINDOWS;C:\WINDOWS\System32\Wbem;C:\WINDOWS\System32\WindowsPowerShell\v1.0\;C:\WINDOWS\System32\OpenSSH\;C:\Program Files\Microsoft VS Code\bin;C:\Program Files\Microsoft SQL Server\Client SDK\ODBC\170\Tools\Binn\;C:\NBB\Databases\Executables\Oracle\instantclient_12_2;C:\NBB\Databases\Executables\Oracle\SQLDeveloper\instantclient_12_2;C:\NBB\databases\Executables\MSSQL\Jdbc\jtds\x64;C:\NBB\Databases\Executables\Oracle\instantclient_19_11;C:\Users\palatej\AppData\Local\Microsoft\WindowsApps;;C:\Users\palatej\AppData\Local\sdmx-dl;%USERPROFILE%\AppData\Local\Microsoft\WindowsApps
USERNAME=PALATEJ
OS=Windows_NT
PROCESSOR_IDENTIFIER=Intel64 Family 6 Model 78 Stepping 3, GenuineIntel



---------------  S Y S T E M  ---------------

OS: Windows 10 , 64 bit Build 19041 (10.0.19041.928)

CPU:total 4 (initial active 4) (2 cores per cpu, 2 threads per core) family 6 model 78 stepping 3, cmov, cx8, fxsr, mmx, sse, sse2, sse3, ssse3, sse4.1, sse4.2, popcnt, avx, avx2, aes, clmul, erms, 3dnowpref, lzcnt, ht, tsc, tscinvbit, bmi1, bmi2, adx, fma

Memory: 4k page, system-wide physical 8042M (1219M free)
TotalPageFile size 10858M (AvailPageFile size 2341M)
current process WorkingSet (physical memory assigned to process): 168M, peak: 174M
current process commit charge ("private bytes"): 241M, peak: 249M

vm_info: OpenJDK 64-Bit Server VM (11+28) for windows-amd64 JRE (11+28), built on Oct  6 2018 08:08:50 by "" with MS VC++ 12.0 (VS2013)

END.
